
> @devpilot/bridge@0.1.0 build /Users/garretteastham/dev/devpilot/platform/devpilot-core/packages/bridge
> tsup

CLI Building entry: src/index.ts
CLI Using tsconfig: tsconfig.json
CLI tsup v8.5.1
CLI Using tsup config: /Users/garretteastham/dev/devpilot/platform/devpilot-core/packages/bridge/tsup.config.ts
CLI Target: es2020
CLI Cleaning output folder
CJS Build start
ESM Build start
CJS dist/index.js     19.66 KB
CJS dist/index.js.map 34.37 KB
CJS ⚡️ Build success in 16ms
ESM dist/index.mjs     16.62 KB
ESM dist/index.mjs.map 34.52 KB
ESM ⚡️ Build success in 17ms
DTS Build start
DTS ⚡️ Build success in 1486ms
DTS dist/index.d.ts  13.00 B
DTS dist/index.d.mts 13.00 B
