
> @devpilot.sh/cli@0.1.0 build /Users/garretteastham/dev/devpilot/platform/devpilot-core/packages/cli
> tsup

CLI Building entry: src/cli.ts, src/index.ts
CLI Using tsconfig: tsconfig.json
CLI tsup v8.5.1
CLI Using tsup config: /Users/garretteastham/dev/devpilot/platform/devpilot-core/packages/cli/tsup.config.ts
CLI Target: es2020
CLI Cleaning output folder
CJS Build start
ESM Build start
CJS dist/cli.js       80.71 KB
CJS dist/index.js     80.78 KB
CJS dist/cli.js.map   138.78 KB
CJS dist/index.js.map 138.91 KB
CJS ⚡️ Build success in 26ms
ESM dist/cli.mjs       73.13 KB
ESM dist/index.mjs     73.14 KB
ESM dist/cli.mjs.map   138.15 KB
ESM dist/index.mjs.map 138.15 KB
ESM ⚡️ Build success in 26ms
DTS Build start
DTS ⚡️ Build success in 2573ms
DTS dist/index.d.ts  115.00 B
DTS dist/cli.d.ts    139.00 B
DTS dist/index.d.mts 116.00 B
DTS dist/cli.d.mts   139.00 B
